[  0%] Built target _motoman_msgs_generate_messages_check_deps_WriteMRegister
[  0%] Built target _motoman_msgs_generate_messages_check_deps_DynamicJointState
[  0%] Built target _motoman_msgs_generate_messages_check_deps_SelectTool
[  0%] Built target _motoman_msgs_generate_messages_check_deps_ReadMRegister
[  0%] Built target _motoman_msgs_generate_messages_check_deps_ReadSingleIO
[  0%] Built target _motoman_msgs_generate_messages_check_deps_CmdJointTrajectoryEx
[  0%] Built target _motoman_msgs_generate_messages_check_deps_DynamicJointTrajectory
[  0%] Built target _motoman_msgs_generate_messages_check_deps_WriteGroupIO
[  0%] Built target _motoman_msgs_generate_messages_check_deps_DynamicJointTrajectoryFeedback
[  0%] Built target std_msgs_generate_messages_eus
[  0%] Built target trajectory_msgs_generate_messages_eus
[  0%] Built target industrial_msgs_generate_messages_eus
[  0%] Built target _motoman_msgs_generate_messages_check_deps_DynamicJointPoint
[  0%] Built target industrial_msgs_generate_messages_nodejs
[  0%] Built target _motoman_msgs_generate_messages_check_deps_WriteSingleIO
[  0%] Built target _motoman_msgs_generate_messages_check_deps_DynamicJointsGroup
[  0%] Built target trajectory_msgs_generate_messages_nodejs
[  0%] Built target std_msgs_generate_messages_lisp
[  0%] Built target _motoman_msgs_generate_messages_check_deps_ReadGroupIO
[  0%] Built target industrial_msgs_generate_messages_lisp
[  0%] Built target std_msgs_generate_messages_nodejs
[  0%] Built target trajectory_msgs_generate_messages_lisp
[  0%] Built target std_msgs_generate_messages_py
[  0%] Built target industrial_msgs_generate_messages_py
[  0%] Built target std_msgs_generate_messages_cpp
[  0%] Built target trajectory_msgs_generate_messages_py
[  0%] Built target trajectory_msgs_generate_messages_cpp
[  0%] Built target industrial_msgs_generate_messages_cpp
[ 20%] Built target motoman_msgs_generate_messages_eus
[ 39%] Built target motoman_msgs_generate_messages_nodejs
[ 58%] Built target motoman_msgs_generate_messages_lisp
[ 94%] Built target motoman_msgs_generate_messages_cpp
[100%] Built target motoman_msgs_generate_messages_py
[100%] Built target motoman_msgs_generate_messages
