Symlinking /home/etudiant/catkin_ws/devel/share/roseus/ros/motoman_msgs/manifest.l
Symlinking /home/etudiant/catkin_ws/devel/share/roseus/ros/motoman_msgs/srv/ReadMRegister.l
Symlinking /home/etudiant/catkin_ws/devel/share/roseus/ros/motoman_msgs/srv/WriteMRegister.l
Symlinking /home/etudiant/catkin_ws/devel/share/roseus/ros/motoman_msgs/srv/WriteGroupIO.l
Symlinking /home/etudiant/catkin_ws/devel/share/roseus/ros/motoman_msgs/srv/WriteSingleIO.l
Symlinking /home/etudiant/catkin_ws/devel/share/roseus/ros/motoman_msgs/srv/SelectTool.l
Symlinking /home/etudiant/catkin_ws/devel/share/roseus/ros/motoman_msgs/srv/CmdJointTrajectoryEx.l
Symlinking /home/etudiant/catkin_ws/devel/share/roseus/ros/motoman_msgs/srv/ReadSingleIO.l
Symlinking /home/etudiant/catkin_ws/devel/share/roseus/ros/motoman_msgs/srv/ReadGroupIO.l
Symlinking /home/etudiant/catkin_ws/devel/share/roseus/ros/motoman_msgs/msg/DynamicJointPoint.l
Symlinking /home/etudiant/catkin_ws/devel/share/roseus/ros/motoman_msgs/msg/DynamicJointState.l
Symlinking /home/etudiant/catkin_ws/devel/share/roseus/ros/motoman_msgs/msg/DynamicJointTrajectory.l
Symlinking /home/etudiant/catkin_ws/devel/share/roseus/ros/motoman_msgs/msg/DynamicJointsGroup.l
Symlinking /home/etudiant/catkin_ws/devel/share/roseus/ros/motoman_msgs/msg/DynamicJointTrajectoryFeedback.l
Symlinking /home/etudiant/catkin_ws/devel/share/common-lisp/ros/motoman_msgs/srv/WriteGroupIO.lisp
Symlinking /home/etudiant/catkin_ws/devel/share/common-lisp/ros/motoman_msgs/srv/_package_ReadMRegister.lisp
Symlinking /home/etudiant/catkin_ws/devel/share/common-lisp/ros/motoman_msgs/srv/_package_ReadSingleIO.lisp
Symlinking /home/etudiant/catkin_ws/devel/share/common-lisp/ros/motoman_msgs/srv/_package_ReadGroupIO.lisp
Symlinking /home/etudiant/catkin_ws/devel/share/common-lisp/ros/motoman_msgs/srv/motoman_msgs-srv.asd
Symlinking /home/etudiant/catkin_ws/devel/share/common-lisp/ros/motoman_msgs/srv/ReadMRegister.lisp
Symlinking /home/etudiant/catkin_ws/devel/share/common-lisp/ros/motoman_msgs/srv/SelectTool.lisp
Symlinking /home/etudiant/catkin_ws/devel/share/common-lisp/ros/motoman_msgs/srv/_package_WriteGroupIO.lisp
Symlinking /home/etudiant/catkin_ws/devel/share/common-lisp/ros/motoman_msgs/srv/_package_CmdJointTrajectoryEx.lisp
Symlinking /home/etudiant/catkin_ws/devel/share/common-lisp/ros/motoman_msgs/srv/ReadGroupIO.lisp
Symlinking /home/etudiant/catkin_ws/devel/share/common-lisp/ros/motoman_msgs/srv/_package_WriteSingleIO.lisp
Symlinking /home/etudiant/catkin_ws/devel/share/common-lisp/ros/motoman_msgs/srv/ReadSingleIO.lisp
Symlinking /home/etudiant/catkin_ws/devel/share/common-lisp/ros/motoman_msgs/srv/_package_WriteMRegister.lisp
Symlinking /home/etudiant/catkin_ws/devel/share/common-lisp/ros/motoman_msgs/srv/WriteMRegister.lisp
Symlinking /home/etudiant/catkin_ws/devel/share/common-lisp/ros/motoman_msgs/srv/WriteSingleIO.lisp
Symlinking /home/etudiant/catkin_ws/devel/share/common-lisp/ros/motoman_msgs/srv/CmdJointTrajectoryEx.lisp
Symlinking /home/etudiant/catkin_ws/devel/share/common-lisp/ros/motoman_msgs/srv/_package_SelectTool.lisp
Symlinking /home/etudiant/catkin_ws/devel/share/common-lisp/ros/motoman_msgs/srv/_package.lisp
Symlinking /home/etudiant/catkin_ws/devel/share/common-lisp/ros/motoman_msgs/msg/_package_DynamicJointPoint.lisp
Symlinking /home/etudiant/catkin_ws/devel/share/common-lisp/ros/motoman_msgs/msg/_package_DynamicJointTrajectory.lisp
Symlinking /home/etudiant/catkin_ws/devel/share/common-lisp/ros/motoman_msgs/msg/motoman_msgs-msg.asd
Symlinking /home/etudiant/catkin_ws/devel/share/common-lisp/ros/motoman_msgs/msg/_package_DynamicJointsGroup.lisp
Symlinking /home/etudiant/catkin_ws/devel/share/common-lisp/ros/motoman_msgs/msg/_package_DynamicJointState.lisp
Symlinking /home/etudiant/catkin_ws/devel/share/common-lisp/ros/motoman_msgs/msg/DynamicJointPoint.lisp
Symlinking /home/etudiant/catkin_ws/devel/share/common-lisp/ros/motoman_msgs/msg/_package_DynamicJointTrajectoryFeedback.lisp
Symlinking /home/etudiant/catkin_ws/devel/share/common-lisp/ros/motoman_msgs/msg/DynamicJointState.lisp
Symlinking /home/etudiant/catkin_ws/devel/share/common-lisp/ros/motoman_msgs/msg/DynamicJointTrajectory.lisp
Symlinking /home/etudiant/catkin_ws/devel/share/common-lisp/ros/motoman_msgs/msg/DynamicJointTrajectoryFeedback.lisp
Symlinking /home/etudiant/catkin_ws/devel/share/common-lisp/ros/motoman_msgs/msg/DynamicJointsGroup.lisp
Symlinking /home/etudiant/catkin_ws/devel/share/common-lisp/ros/motoman_msgs/msg/_package.lisp
Symlinking /home/etudiant/catkin_ws/devel/share/gennodejs/ros/motoman_msgs/_index.js
Symlinking /home/etudiant/catkin_ws/devel/share/gennodejs/ros/motoman_msgs/srv/_index.js
Symlinking /home/etudiant/catkin_ws/devel/share/gennodejs/ros/motoman_msgs/srv/ReadSingleIO.js
Symlinking /home/etudiant/catkin_ws/devel/share/gennodejs/ros/motoman_msgs/srv/ReadGroupIO.js
Symlinking /home/etudiant/catkin_ws/devel/share/gennodejs/ros/motoman_msgs/srv/WriteSingleIO.js
Symlinking /home/etudiant/catkin_ws/devel/share/gennodejs/ros/motoman_msgs/srv/ReadMRegister.js
Symlinking /home/etudiant/catkin_ws/devel/share/gennodejs/ros/motoman_msgs/srv/WriteGroupIO.js
Symlinking /home/etudiant/catkin_ws/devel/share/gennodejs/ros/motoman_msgs/srv/WriteMRegister.js
Symlinking /home/etudiant/catkin_ws/devel/share/gennodejs/ros/motoman_msgs/srv/CmdJointTrajectoryEx.js
Symlinking /home/etudiant/catkin_ws/devel/share/gennodejs/ros/motoman_msgs/srv/SelectTool.js
Symlinking /home/etudiant/catkin_ws/devel/share/gennodejs/ros/motoman_msgs/msg/_index.js
Symlinking /home/etudiant/catkin_ws/devel/share/gennodejs/ros/motoman_msgs/msg/DynamicJointPoint.js
Symlinking /home/etudiant/catkin_ws/devel/share/gennodejs/ros/motoman_msgs/msg/DynamicJointState.js
Symlinking /home/etudiant/catkin_ws/devel/share/gennodejs/ros/motoman_msgs/msg/DynamicJointTrajectoryFeedback.js
Symlinking /home/etudiant/catkin_ws/devel/share/gennodejs/ros/motoman_msgs/msg/DynamicJointsGroup.js
Symlinking /home/etudiant/catkin_ws/devel/share/gennodejs/ros/motoman_msgs/msg/DynamicJointTrajectory.js
Symlinking /home/etudiant/catkin_ws/devel/share/motoman_msgs/cmake/motoman_msgsConfig-version.cmake
Symlinking /home/etudiant/catkin_ws/devel/share/motoman_msgs/cmake/motoman_msgs-msg-paths.cmake
Symlinking /home/etudiant/catkin_ws/devel/share/motoman_msgs/cmake/motoman_msgs-msg-extras.cmake
Symlinking /home/etudiant/catkin_ws/devel/share/motoman_msgs/cmake/motoman_msgsConfig.cmake
Symlinking /home/etudiant/catkin_ws/devel/lib/python3/dist-packages/motoman_msgs/__init__.py
Symlinking /home/etudiant/catkin_ws/devel/lib/python3/dist-packages/motoman_msgs/srv/__init__.py
Symlinking /home/etudiant/catkin_ws/devel/lib/python3/dist-packages/motoman_msgs/srv/_WriteGroupIO.py
Symlinking /home/etudiant/catkin_ws/devel/lib/python3/dist-packages/motoman_msgs/srv/_SelectTool.py
Symlinking /home/etudiant/catkin_ws/devel/lib/python3/dist-packages/motoman_msgs/srv/_ReadGroupIO.py
Symlinking /home/etudiant/catkin_ws/devel/lib/python3/dist-packages/motoman_msgs/srv/_CmdJointTrajectoryEx.py
Symlinking /home/etudiant/catkin_ws/devel/lib/python3/dist-packages/motoman_msgs/srv/_WriteSingleIO.py
Symlinking /home/etudiant/catkin_ws/devel/lib/python3/dist-packages/motoman_msgs/srv/_WriteMRegister.py
Symlinking /home/etudiant/catkin_ws/devel/lib/python3/dist-packages/motoman_msgs/srv/_ReadMRegister.py
Symlinking /home/etudiant/catkin_ws/devel/lib/python3/dist-packages/motoman_msgs/srv/_ReadSingleIO.py
Symlinking /home/etudiant/catkin_ws/devel/lib/python3/dist-packages/motoman_msgs/msg/__init__.py
Symlinking /home/etudiant/catkin_ws/devel/lib/python3/dist-packages/motoman_msgs/msg/_DynamicJointsGroup.py
Symlinking /home/etudiant/catkin_ws/devel/lib/python3/dist-packages/motoman_msgs/msg/_DynamicJointState.py
Symlinking /home/etudiant/catkin_ws/devel/lib/python3/dist-packages/motoman_msgs/msg/_DynamicJointTrajectoryFeedback.py
Symlinking /home/etudiant/catkin_ws/devel/lib/python3/dist-packages/motoman_msgs/msg/_DynamicJointPoint.py
Symlinking /home/etudiant/catkin_ws/devel/lib/python3/dist-packages/motoman_msgs/msg/_DynamicJointTrajectory.py
Symlinking /home/etudiant/catkin_ws/devel/lib/pkgconfig/motoman_msgs.pc
Symlinking /home/etudiant/catkin_ws/devel/include/motoman_msgs/DynamicJointState.h
Symlinking /home/etudiant/catkin_ws/devel/include/motoman_msgs/ReadGroupIOResponse.h
Symlinking /home/etudiant/catkin_ws/devel/include/motoman_msgs/WriteSingleIO.h
Symlinking /home/etudiant/catkin_ws/devel/include/motoman_msgs/ReadGroupIO.h
Symlinking /home/etudiant/catkin_ws/devel/include/motoman_msgs/SelectToolRequest.h
Symlinking /home/etudiant/catkin_ws/devel/include/motoman_msgs/WriteGroupIORequest.h
Symlinking /home/etudiant/catkin_ws/devel/include/motoman_msgs/DynamicJointsGroup.h
Symlinking /home/etudiant/catkin_ws/devel/include/motoman_msgs/WriteGroupIOResponse.h
Symlinking /home/etudiant/catkin_ws/devel/include/motoman_msgs/ReadMRegister.h
Symlinking /home/etudiant/catkin_ws/devel/include/motoman_msgs/WriteMRegister.h
Symlinking /home/etudiant/catkin_ws/devel/include/motoman_msgs/SelectTool.h
Symlinking /home/etudiant/catkin_ws/devel/include/motoman_msgs/ReadMRegisterRequest.h
Symlinking /home/etudiant/catkin_ws/devel/include/motoman_msgs/WriteSingleIOResponse.h
Symlinking /home/etudiant/catkin_ws/devel/include/motoman_msgs/ReadSingleIORequest.h
Symlinking /home/etudiant/catkin_ws/devel/include/motoman_msgs/DynamicJointPoint.h
Symlinking /home/etudiant/catkin_ws/devel/include/motoman_msgs/WriteMRegisterRequest.h
Symlinking /home/etudiant/catkin_ws/devel/include/motoman_msgs/CmdJointTrajectoryExResponse.h
Symlinking /home/etudiant/catkin_ws/devel/include/motoman_msgs/ReadMRegisterResponse.h
Symlinking /home/etudiant/catkin_ws/devel/include/motoman_msgs/ReadSingleIOResponse.h
Symlinking /home/etudiant/catkin_ws/devel/include/motoman_msgs/ReadGroupIORequest.h
Symlinking /home/etudiant/catkin_ws/devel/include/motoman_msgs/DynamicJointTrajectory.h
Symlinking /home/etudiant/catkin_ws/devel/include/motoman_msgs/CmdJointTrajectoryEx.h
Symlinking /home/etudiant/catkin_ws/devel/include/motoman_msgs/ReadSingleIO.h
Symlinking /home/etudiant/catkin_ws/devel/include/motoman_msgs/DynamicJointTrajectoryFeedback.h
Symlinking /home/etudiant/catkin_ws/devel/include/motoman_msgs/WriteSingleIORequest.h
Symlinking /home/etudiant/catkin_ws/devel/include/motoman_msgs/WriteMRegisterResponse.h
Symlinking /home/etudiant/catkin_ws/devel/include/motoman_msgs/WriteGroupIO.h
Symlinking /home/etudiant/catkin_ws/devel/include/motoman_msgs/CmdJointTrajectoryExRequest.h
Symlinking /home/etudiant/catkin_ws/devel/include/motoman_msgs/SelectToolResponse.h
