[35m[1mScanning dependencies of target _motoman_msgs_generate_messages_check_deps_DynamicJointState[0m
[35m[1mScanning dependencies of target _motoman_msgs_generate_messages_check_deps_WriteMRegister[0m
[35m[1mScanning dependencies of target _motoman_msgs_generate_messages_check_deps_SelectTool[0m
[  0%] Built target _motoman_msgs_generate_messages_check_deps_DynamicJointState
[  0%] Built target _motoman_msgs_generate_messages_check_deps_SelectTool
[  0%] Built target _motoman_msgs_generate_messages_check_deps_WriteMRegister
[35m[1mScanning dependencies of target _motoman_msgs_generate_messages_check_deps_ReadSingleIO[0m
[35m[1mScanning dependencies of target _motoman_msgs_generate_messages_check_deps_ReadMRegister[0m
[35m[1mScanning dependencies of target _motoman_msgs_generate_messages_check_deps_CmdJointTrajectoryEx[0m
[  0%] Built target _motoman_msgs_generate_messages_check_deps_ReadSingleIO
[  0%] Built target _motoman_msgs_generate_messages_check_deps_CmdJointTrajectoryEx
[  0%] Built target _motoman_msgs_generate_messages_check_deps_ReadMRegister
[35m[1mScanning dependencies of target _motoman_msgs_generate_messages_check_deps_DynamicJointTrajectory[0m
[35m[1mScanning dependencies of target _motoman_msgs_generate_messages_check_deps_WriteGroupIO[0m
[35m[1mScanning dependencies of target _motoman_msgs_generate_messages_check_deps_DynamicJointTrajectoryFeedback[0m
[  0%] Built target _motoman_msgs_generate_messages_check_deps_WriteGroupIO
[  0%] Built target _motoman_msgs_generate_messages_check_deps_DynamicJointTrajectoryFeedback
[  0%] Built target _motoman_msgs_generate_messages_check_deps_DynamicJointTrajectory
[35m[1mScanning dependencies of target _motoman_msgs_generate_messages_check_deps_DynamicJointPoint[0m
[35m[1mScanning dependencies of target std_msgs_generate_messages_eus[0m
[35m[1mScanning dependencies of target industrial_msgs_generate_messages_eus[0m
[  0%] Built target std_msgs_generate_messages_eus
[  0%] Built target industrial_msgs_generate_messages_eus
[35m[1mScanning dependencies of target trajectory_msgs_generate_messages_eus[0m
[35m[1mScanning dependencies of target _motoman_msgs_generate_messages_check_deps_WriteSingleIO[0m
[  0%] Built target trajectory_msgs_generate_messages_eus
[  0%] Built target _motoman_msgs_generate_messages_check_deps_DynamicJointPoint
[35m[1mScanning dependencies of target _motoman_msgs_generate_messages_check_deps_ReadGroupIO[0m
[35m[1mScanning dependencies of target _motoman_msgs_generate_messages_check_deps_DynamicJointsGroup[0m
[  0%] Built target _motoman_msgs_generate_messages_check_deps_WriteSingleIO
[35m[1mScanning dependencies of target industrial_msgs_generate_messages_nodejs[0m
[  0%] Built target industrial_msgs_generate_messages_nodejs
[  0%] Built target _motoman_msgs_generate_messages_check_deps_ReadGroupIO
[  0%] Built target _motoman_msgs_generate_messages_check_deps_DynamicJointsGroup
[35m[1mScanning dependencies of target trajectory_msgs_generate_messages_nodejs[0m
[35m[1mScanning dependencies of target std_msgs_generate_messages_nodejs[0m
[35m[1mScanning dependencies of target std_msgs_generate_messages_lisp[0m
[  0%] Built target trajectory_msgs_generate_messages_nodejs
[  0%] Built target std_msgs_generate_messages_nodejs
[  0%] Built target std_msgs_generate_messages_lisp
[35m[1mScanning dependencies of target industrial_msgs_generate_messages_lisp[0m
[35m[1mScanning dependencies of target trajectory_msgs_generate_messages_lisp[0m
[35m[1mScanning dependencies of target industrial_msgs_generate_messages_py[0m
[  0%] Built target industrial_msgs_generate_messages_lisp
[  0%] Built target trajectory_msgs_generate_messages_lisp
[  0%] Built target industrial_msgs_generate_messages_py
[35m[1mScanning dependencies of target std_msgs_generate_messages_py[0m
[35m[1mScanning dependencies of target std_msgs_generate_messages_cpp[0m
[  0%] Built target std_msgs_generate_messages_py
[  0%] Built target std_msgs_generate_messages_cpp
[35m[1mScanning dependencies of target trajectory_msgs_generate_messages_py[0m
[35m[1mScanning dependencies of target trajectory_msgs_generate_messages_cpp[0m
[  0%] Built target trajectory_msgs_generate_messages_py
[  0%] Built target trajectory_msgs_generate_messages_cpp
[35m[1mScanning dependencies of target industrial_msgs_generate_messages_cpp[0m
[35m[1mScanning dependencies of target motoman_msgs_generate_messages_eus[0m
[  0%] Built target industrial_msgs_generate_messages_cpp
[  1%] [34m[1mGenerating EusLisp code from motoman_msgs/DynamicJointPoint.msg[0m
[35m[1mScanning dependencies of target motoman_msgs_generate_messages_nodejs[0m
[35m[1mScanning dependencies of target motoman_msgs_generate_messages_lisp[0m
[  2%] [34m[1mGenerating Javascript code from motoman_msgs/DynamicJointPoint.msg[0m
[  4%] [34m[1mGenerating Lisp code from motoman_msgs/DynamicJointPoint.msg[0m
[  5%] [34m[1mGenerating Javascript code from motoman_msgs/DynamicJointsGroup.msg[0m
[  7%] [34m[1mGenerating Lisp code from motoman_msgs/DynamicJointsGroup.msg[0m
[  8%] [34m[1mGenerating EusLisp code from motoman_msgs/DynamicJointsGroup.msg[0m
[ 10%] [34m[1mGenerating Javascript code from motoman_msgs/DynamicJointState.msg[0m
[ 11%] [34m[1mGenerating Lisp code from motoman_msgs/DynamicJointState.msg[0m
[ 13%] [34m[1mGenerating EusLisp code from motoman_msgs/DynamicJointState.msg[0m
[ 14%] [34m[1mGenerating Lisp code from motoman_msgs/DynamicJointTrajectory.msg[0m
[ 16%] [34m[1mGenerating Javascript code from motoman_msgs/DynamicJointTrajectory.msg[0m
[ 17%] [34m[1mGenerating Javascript code from motoman_msgs/DynamicJointTrajectoryFeedback.msg[0m
[ 19%] [34m[1mGenerating Lisp code from motoman_msgs/DynamicJointTrajectoryFeedback.msg[0m
[ 20%] [34m[1mGenerating EusLisp code from motoman_msgs/DynamicJointTrajectory.msg[0m
[ 22%] [34m[1mGenerating Javascript code from motoman_msgs/CmdJointTrajectoryEx.srv[0m
[ 23%] [34m[1mGenerating Lisp code from motoman_msgs/CmdJointTrajectoryEx.srv[0m
[ 25%] [34m[1mGenerating Javascript code from motoman_msgs/ReadMRegister.srv[0m
[ 26%] [34m[1mGenerating Lisp code from motoman_msgs/ReadMRegister.srv[0m
[ 27%] [34m[1mGenerating EusLisp code from motoman_msgs/DynamicJointTrajectoryFeedback.msg[0m
[ 29%] [34m[1mGenerating Lisp code from motoman_msgs/ReadSingleIO.srv[0m
[ 30%] [34m[1mGenerating Javascript code from motoman_msgs/ReadSingleIO.srv[0m
[ 32%] [34m[1mGenerating EusLisp code from motoman_msgs/CmdJointTrajectoryEx.srv[0m
[ 33%] [34m[1mGenerating Lisp code from motoman_msgs/ReadGroupIO.srv[0m
[ 35%] [34m[1mGenerating Javascript code from motoman_msgs/ReadGroupIO.srv[0m
[ 36%] [34m[1mGenerating Lisp code from motoman_msgs/SelectTool.srv[0m
[ 38%] [34m[1mGenerating Javascript code from motoman_msgs/SelectTool.srv[0m
[ 39%] [34m[1mGenerating EusLisp code from motoman_msgs/ReadMRegister.srv[0m
[ 41%] [34m[1mGenerating Lisp code from motoman_msgs/WriteMRegister.srv[0m
[ 42%] [34m[1mGenerating Javascript code from motoman_msgs/WriteMRegister.srv[0m
[ 44%] [34m[1mGenerating Lisp code from motoman_msgs/WriteSingleIO.srv[0m
[ 45%] [34m[1mGenerating EusLisp code from motoman_msgs/ReadSingleIO.srv[0m
[ 47%] [34m[1mGenerating Javascript code from motoman_msgs/WriteSingleIO.srv[0m
[ 48%] [34m[1mGenerating Lisp code from motoman_msgs/WriteGroupIO.srv[0m
[ 50%] [34m[1mGenerating Javascript code from motoman_msgs/WriteGroupIO.srv[0m
[ 51%] [34m[1mGenerating EusLisp code from motoman_msgs/ReadGroupIO.srv[0m
[ 51%] Built target motoman_msgs_generate_messages_lisp
[35m[1mScanning dependencies of target motoman_msgs_generate_messages_py[0m
[ 51%] Built target motoman_msgs_generate_messages_nodejs
[ 52%] [34m[1mGenerating Python from MSG motoman_msgs/DynamicJointPoint[0m
[35m[1mScanning dependencies of target motoman_msgs_generate_messages_cpp[0m
[ 54%] [34m[1mGenerating C++ code from motoman_msgs/DynamicJointPoint.msg[0m
[ 55%] [34m[1mGenerating EusLisp code from motoman_msgs/SelectTool.srv[0m
[ 57%] [34m[1mGenerating EusLisp code from motoman_msgs/WriteMRegister.srv[0m
[ 58%] [34m[1mGenerating C++ code from motoman_msgs/DynamicJointsGroup.msg[0m
[ 60%] [34m[1mGenerating EusLisp code from motoman_msgs/WriteSingleIO.srv[0m
[ 61%] [34m[1mGenerating C++ code from motoman_msgs/DynamicJointState.msg[0m
[ 63%] [34m[1mGenerating C++ code from motoman_msgs/DynamicJointTrajectory.msg[0m
[ 64%] [34m[1mGenerating Python from MSG motoman_msgs/DynamicJointsGroup[0m
[ 66%] [34m[1mGenerating EusLisp code from motoman_msgs/WriteGroupIO.srv[0m
[ 67%] [34m[1mGenerating C++ code from motoman_msgs/DynamicJointTrajectoryFeedback.msg[0m
[ 69%] [34m[1mGenerating EusLisp manifest code for motoman_msgs[0m
[ 70%] [34m[1mGenerating C++ code from motoman_msgs/CmdJointTrajectoryEx.srv[0m
[ 72%] [34m[1mGenerating Python from MSG motoman_msgs/DynamicJointState[0m
[ 73%] [34m[1mGenerating C++ code from motoman_msgs/ReadMRegister.srv[0m
[ 75%] [34m[1mGenerating Python from MSG motoman_msgs/DynamicJointTrajectory[0m
[ 76%] [34m[1mGenerating Python from MSG motoman_msgs/DynamicJointTrajectoryFeedback[0m
[ 77%] [34m[1mGenerating C++ code from motoman_msgs/ReadSingleIO.srv[0m
[ 79%] [34m[1mGenerating Python code from SRV motoman_msgs/CmdJointTrajectoryEx[0m
[ 80%] [34m[1mGenerating C++ code from motoman_msgs/ReadGroupIO.srv[0m
[ 82%] [34m[1mGenerating Python code from SRV motoman_msgs/ReadMRegister[0m
[ 83%] [34m[1mGenerating Python code from SRV motoman_msgs/ReadSingleIO[0m
[ 85%] [34m[1mGenerating C++ code from motoman_msgs/SelectTool.srv[0m
[ 86%] [34m[1mGenerating Python code from SRV motoman_msgs/ReadGroupIO[0m
[ 88%] [34m[1mGenerating Python code from SRV motoman_msgs/SelectTool[0m
[ 89%] [34m[1mGenerating C++ code from motoman_msgs/WriteMRegister.srv[0m
[ 91%] [34m[1mGenerating Python code from SRV motoman_msgs/WriteMRegister[0m
[ 91%] Built target motoman_msgs_generate_messages_eus
[ 92%] [34m[1mGenerating C++ code from motoman_msgs/WriteSingleIO.srv[0m
[ 94%] [34m[1mGenerating Python code from SRV motoman_msgs/WriteSingleIO[0m
[ 95%] [34m[1mGenerating C++ code from motoman_msgs/WriteGroupIO.srv[0m
[ 97%] [34m[1mGenerating Python code from SRV motoman_msgs/WriteGroupIO[0m
[ 97%] Built target motoman_msgs_generate_messages_cpp
[ 98%] [34m[1mGenerating Python srv __init__.py for motoman_msgs[0m
[100%] [34m[1mGenerating Python msg __init__.py for motoman_msgs[0m
[100%] Built target motoman_msgs_generate_messages_py
[35m[1mScanning dependencies of target motoman_msgs_generate_messages[0m
[100%] Built target motoman_msgs_generate_messages
